2024-01-09T10:05:03+00:00 CRITICAL Uncaught Error: Call to a member function get_field() on string in /home/timetracking/webapps/timetracking/wp-content/themes/Inunity-Child-Theme/functions.php:485
Stack trace:
#0 /home/timetracking/webapps/timetracking/wp-includes/shortcodes.php(433): display_wpforms_timesheets_shortcode()
#1 [internal function]: do_shortcode_tag()
#2 /home/timetracking/webapps/timetracking/wp-includes/shortcodes.php(273): preg_replace_callback()
#3 /home/timetracking/webapps/timetracking/wp-includes/class-wp-hook.php(324): do_shortcode()
#4 /home/timetracking/webapps/timetracking/wp-includes/plugin.php(205): WP_Hook->apply_filters()
#5 /home/timetracking/webapps/timetracking/wp-includes/rest-api/endpoints/class-wp-rest-posts-controller.php(1863): apply_filters()
#6 /home/timetracking/webapps/timetracking/wp-includes/rest-api/endpoints/class-wp-rest-posts-controller.php(952): WP_REST_Posts_Controller->prepare_item_for_response()
#7 /home/timetracking/webapps/timetracking/wp-includes/rest-api/class-wp-rest-server.php(1193): WP_REST_Posts_Controller->update_item()
#8 /home/timetracking/webapps/timetracking/wp-includes/rest-api/class-wp-rest-server.php(1041): WP_REST_Server->respond_to_request()
#9 /home/timetracking/webapps/timetracking/wp-includes/rest-api/class-wp-rest-server.php(431): WP_REST_Server->dispatch()
#10 /home/timetracking/webapps/timetracking/wp-includes/rest-api.php(424): WP_REST_Server->serve_request()
#11 /home/timetracking/webapps/timetracking/wp-includes/class-wp-hook.php(324): rest_api_loaded()
#12 /home/timetracking/webapps/timetracking/wp-includes/class-wp-hook.php(348): WP_Hook->apply_filters()
#13 /home/timetracking/webapps/timetracking/wp-includes/plugin.php(565): WP_Hook->do_action()
#14 /home/timetracking/webapps/timetracking/wp-includes/class-wp.php(418): do_action_ref_array()
#15 /home/timetracking/webapps/timetracking/wp-includes/class-wp.php(813): WP->parse_request()
#16 /home/timetracking/webapps/timetracking/wp-includes/functions.php(1336): WP->main()
#17 /home/timetracking/webapps/timetracking/wp-blog-header.php(16): wp()
#18 /home/timetracking/webapps/timetracking/index.php(17): require('...')
#19 {main}
  thrown in /home/timetracking/webapps/timetracking/wp-content/themes/Inunity-Child-Theme/functions.php on line 485

2024-01-09T10:05:21+00:00 CRITICAL Uncaught Error: Call to a member function get_field() on string in /home/timetracking/webapps/timetracking/wp-content/themes/Inunity-Child-Theme/functions.php:485
Stack trace:
#0 /home/timetracking/webapps/timetracking/wp-includes/shortcodes.php(433): display_wpforms_timesheets_shortcode()
#1 [internal function]: do_shortcode_tag()
#2 /home/timetracking/webapps/timetracking/wp-includes/shortcodes.php(273): preg_replace_callback()
#3 /home/timetracking/webapps/timetracking/wp-includes/class-wp-hook.php(324): do_shortcode()
#4 /home/timetracking/webapps/timetracking/wp-includes/plugin.php(205): WP_Hook->apply_filters()
#5 /home/timetracking/webapps/timetracking/wp-includes/rest-api/endpoints/class-wp-rest-posts-controller.php(1863): apply_filters()
#6 /home/timetracking/webapps/timetracking/wp-includes/rest-api/endpoints/class-wp-rest-posts-controller.php(952): WP_REST_Posts_Controller->prepare_item_for_response()
#7 /home/timetracking/webapps/timetracking/wp-includes/rest-api/class-wp-rest-server.php(1193): WP_REST_Posts_Controller->update_item()
#8 /home/timetracking/webapps/timetracking/wp-includes/rest-api/class-wp-rest-server.php(1041): WP_REST_Server->respond_to_request()
#9 /home/timetracking/webapps/timetracking/wp-includes/rest-api/class-wp-rest-server.php(431): WP_REST_Server->dispatch()
#10 /home/timetracking/webapps/timetracking/wp-includes/rest-api.php(424): WP_REST_Server->serve_request()
#11 /home/timetracking/webapps/timetracking/wp-includes/class-wp-hook.php(324): rest_api_loaded()
#12 /home/timetracking/webapps/timetracking/wp-includes/class-wp-hook.php(348): WP_Hook->apply_filters()
#13 /home/timetracking/webapps/timetracking/wp-includes/plugin.php(565): WP_Hook->do_action()
#14 /home/timetracking/webapps/timetracking/wp-includes/class-wp.php(418): do_action_ref_array()
#15 /home/timetracking/webapps/timetracking/wp-includes/class-wp.php(813): WP->parse_request()
#16 /home/timetracking/webapps/timetracking/wp-includes/functions.php(1336): WP->main()
#17 /home/timetracking/webapps/timetracking/wp-blog-header.php(16): wp()
#18 /home/timetracking/webapps/timetracking/index.php(17): require('...')
#19 {main}
  thrown in /home/timetracking/webapps/timetracking/wp-content/themes/Inunity-Child-Theme/functions.php on line 485

2024-01-09T10:05:26+00:00 CRITICAL Uncaught Error: Call to a member function get_field() on string in /home/timetracking/webapps/timetracking/wp-content/themes/Inunity-Child-Theme/functions.php:485
Stack trace:
#0 /home/timetracking/webapps/timetracking/wp-includes/shortcodes.php(433): display_wpforms_timesheets_shortcode()
#1 [internal function]: do_shortcode_tag()
#2 /home/timetracking/webapps/timetracking/wp-includes/shortcodes.php(273): preg_replace_callback()
#3 /home/timetracking/webapps/timetracking/wp-includes/class-wp-hook.php(324): do_shortcode()
#4 /home/timetracking/webapps/timetracking/wp-includes/plugin.php(205): WP_Hook->apply_filters()
#5 /home/timetracking/webapps/timetracking/wp-includes/rest-api/endpoints/class-wp-rest-posts-controller.php(1863): apply_filters()
#6 /home/timetracking/webapps/timetracking/wp-includes/rest-api/endpoints/class-wp-rest-posts-controller.php(952): WP_REST_Posts_Controller->prepare_item_for_response()
#7 /home/timetracking/webapps/timetracking/wp-includes/rest-api/class-wp-rest-server.php(1193): WP_REST_Posts_Controller->update_item()
#8 /home/timetracking/webapps/timetracking/wp-includes/rest-api/class-wp-rest-server.php(1041): WP_REST_Server->respond_to_request()
#9 /home/timetracking/webapps/timetracking/wp-includes/rest-api/class-wp-rest-server.php(431): WP_REST_Server->dispatch()
#10 /home/timetracking/webapps/timetracking/wp-includes/rest-api.php(424): WP_REST_Server->serve_request()
#11 /home/timetracking/webapps/timetracking/wp-includes/class-wp-hook.php(324): rest_api_loaded()
#12 /home/timetracking/webapps/timetracking/wp-includes/class-wp-hook.php(348): WP_Hook->apply_filters()
#13 /home/timetracking/webapps/timetracking/wp-includes/plugin.php(565): WP_Hook->do_action()
#14 /home/timetracking/webapps/timetracking/wp-includes/class-wp.php(418): do_action_ref_array()
#15 /home/timetracking/webapps/timetracking/wp-includes/class-wp.php(813): WP->parse_request()
#16 /home/timetracking/webapps/timetracking/wp-includes/functions.php(1336): WP->main()
#17 /home/timetracking/webapps/timetracking/wp-blog-header.php(16): wp()
#18 /home/timetracking/webapps/timetracking/index.php(17): require('...')
#19 {main}
  thrown in /home/timetracking/webapps/timetracking/wp-content/themes/Inunity-Child-Theme/functions.php on line 485

2024-01-09T10:05:36+00:00 CRITICAL Uncaught Error: Call to a member function get_field() on string in /home/timetracking/webapps/timetracking/wp-content/themes/Inunity-Child-Theme/functions.php:485
Stack trace:
#0 /home/timetracking/webapps/timetracking/wp-includes/shortcodes.php(433): display_wpforms_timesheets_shortcode()
#1 [internal function]: do_shortcode_tag()
#2 /home/timetracking/webapps/timetracking/wp-includes/shortcodes.php(273): preg_replace_callback()
#3 /home/timetracking/webapps/timetracking/wp-includes/class-wp-hook.php(324): do_shortcode()
#4 /home/timetracking/webapps/timetracking/wp-includes/plugin.php(205): WP_Hook->apply_filters()
#5 /home/timetracking/webapps/timetracking/wp-includes/post-template.php(256): apply_filters()
#6 /home/timetracking/webapps/timetracking/wp-content/themes/inunity/page.php(17): the_content()
#7 /home/timetracking/webapps/timetracking/wp-includes/template-loader.php(106): include('...')
#8 /home/timetracking/webapps/timetracking/wp-blog-header.php(19): require_once('...')
#9 /home/timetracking/webapps/timetracking/index.php(17): require('...')
#10 {main}
  thrown in /home/timetracking/webapps/timetracking/wp-content/themes/Inunity-Child-Theme/functions.php on line 485

2024-01-09T10:05:46+00:00 CRITICAL Uncaught Error: Call to a member function get_field() on string in /home/timetracking/webapps/timetracking/wp-content/themes/Inunity-Child-Theme/functions.php:485
Stack trace:
#0 /home/timetracking/webapps/timetracking/wp-includes/shortcodes.php(433): display_wpforms_timesheets_shortcode()
#1 [internal function]: do_shortcode_tag()
#2 /home/timetracking/webapps/timetracking/wp-includes/shortcodes.php(273): preg_replace_callback()
#3 /home/timetracking/webapps/timetracking/wp-includes/class-wp-hook.php(324): do_shortcode()
#4 /home/timetracking/webapps/timetracking/wp-includes/plugin.php(205): WP_Hook->apply_filters()
#5 /home/timetracking/webapps/timetracking/wp-includes/rest-api/endpoints/class-wp-rest-revisions-controller.php(620): apply_filters()
#6 /home/timetracking/webapps/timetracking/wp-includes/rest-api/endpoints/class-wp-rest-autosaves-controller.php(451): WP_REST_Revisions_Controller->prepare_item_for_response()
#7 /home/timetracking/webapps/timetracking/wp-includes/rest-api/endpoints/class-wp-rest-autosaves-controller.php(253): WP_REST_Autosaves_Controller->prepare_item_for_response()
#8 /home/timetracking/webapps/timetracking/wp-includes/rest-api/class-wp-rest-server.php(1193): WP_REST_Autosaves_Controller->create_item()
#9 /home/timetracking/webapps/timetracking/wp-includes/rest-api/class-wp-rest-server.php(1041): WP_REST_Server->respond_to_request()
#10 /home/timetracking/webapps/timetracking/wp-includes/rest-api/class-wp-rest-server.php(431): WP_REST_Server->dispatch()
#11 /home/timetracking/webapps/timetracking/wp-includes/rest-api.php(424): WP_REST_Server->serve_request()
#12 /home/timetracking/webapps/timetracking/wp-includes/class-wp-hook.php(324): rest_api_loaded()
#13 /home/timetracking/webapps/timetracking/wp-includes/class-wp-hook.php(348): WP_Hook->apply_filters()
#14 /home/timetracking/webapps/timetracking/wp-includes/plugin.php(565): WP_Hook->do_action()
#15 /home/timetracking/webapps/timetracking/wp-includes/class-wp.php(418): do_action_ref_array()
#16 /home/timetracking/webapps/timetracking/wp-includes/class-wp.php(813): WP->parse_request()
#17 /home/timetracking/webapps/timetracking/wp-includes/functions.php(1336): WP->main()
#18 /home/timetracking/webapps/timetracking/wp-blog-header.php(16): wp()
#19 /home/timetracking/webapps/timetracking/index.php(17): require('...')
#20 {main}
  thrown in /home/timetracking/webapps/timetracking/wp-content/themes/Inunity-Child-Theme/functions.php on line 485

2024-01-09T10:06:09+00:00 CRITICAL Uncaught Error: Call to a member function get_field() on string in /home/timetracking/webapps/timetracking/wp-content/themes/Inunity-Child-Theme/functions.php:485
Stack trace:
#0 /home/timetracking/webapps/timetracking/wp-includes/shortcodes.php(433): display_wpforms_timesheets_shortcode()
#1 [internal function]: do_shortcode_tag()
#2 /home/timetracking/webapps/timetracking/wp-includes/shortcodes.php(273): preg_replace_callback()
#3 /home/timetracking/webapps/timetracking/wp-includes/class-wp-hook.php(324): do_shortcode()
#4 /home/timetracking/webapps/timetracking/wp-includes/plugin.php(205): WP_Hook->apply_filters()
#5 /home/timetracking/webapps/timetracking/wp-includes/post-template.php(256): apply_filters()
#6 /home/timetracking/webapps/timetracking/wp-content/themes/inunity/page.php(17): the_content()
#7 /home/timetracking/webapps/timetracking/wp-includes/template-loader.php(106): include('...')
#8 /home/timetracking/webapps/timetracking/wp-blog-header.php(19): require_once('...')
#9 /home/timetracking/webapps/timetracking/index.php(17): require('...')
#10 {main}
  thrown in /home/timetracking/webapps/timetracking/wp-content/themes/Inunity-Child-Theme/functions.php on line 485

2024-01-09T10:07:41+00:00 CRITICAL Uncaught Error: Call to a member function get_field() on string in /home/timetracking/webapps/timetracking/wp-content/themes/Inunity-Child-Theme/functions.php:485
Stack trace:
#0 /home/timetracking/webapps/timetracking/wp-includes/shortcodes.php(433): display_wpforms_timesheets_shortcode()
#1 [internal function]: do_shortcode_tag()
#2 /home/timetracking/webapps/timetracking/wp-includes/shortcodes.php(273): preg_replace_callback()
#3 /home/timetracking/webapps/timetracking/wp-includes/class-wp-hook.php(324): do_shortcode()
#4 /home/timetracking/webapps/timetracking/wp-includes/plugin.php(205): WP_Hook->apply_filters()
#5 /home/timetracking/webapps/timetracking/wp-includes/rest-api/endpoints/class-wp-rest-posts-controller.php(1863): apply_filters()
#6 /home/timetracking/webapps/timetracking/wp-includes/rest-api/endpoints/class-wp-rest-posts-controller.php(952): WP_REST_Posts_Controller->prepare_item_for_response()
#7 /home/timetracking/webapps/timetracking/wp-includes/rest-api/class-wp-rest-server.php(1193): WP_REST_Posts_Controller->update_item()
#8 /home/timetracking/webapps/timetracking/wp-includes/rest-api/class-wp-rest-server.php(1041): WP_REST_Server->respond_to_request()
#9 /home/timetracking/webapps/timetracking/wp-includes/rest-api/class-wp-rest-server.php(431): WP_REST_Server->dispatch()
#10 /home/timetracking/webapps/timetracking/wp-includes/rest-api.php(424): WP_REST_Server->serve_request()
#11 /home/timetracking/webapps/timetracking/wp-includes/class-wp-hook.php(324): rest_api_loaded()
#12 /home/timetracking/webapps/timetracking/wp-includes/class-wp-hook.php(348): WP_Hook->apply_filters()
#13 /home/timetracking/webapps/timetracking/wp-includes/plugin.php(565): WP_Hook->do_action()
#14 /home/timetracking/webapps/timetracking/wp-includes/class-wp.php(418): do_action_ref_array()
#15 /home/timetracking/webapps/timetracking/wp-includes/class-wp.php(813): WP->parse_request()
#16 /home/timetracking/webapps/timetracking/wp-includes/functions.php(1336): WP->main()
#17 /home/timetracking/webapps/timetracking/wp-blog-header.php(16): wp()
#18 /home/timetracking/webapps/timetracking/index.php(17): require('...')
#19 {main}
  thrown in /home/timetracking/webapps/timetracking/wp-content/themes/Inunity-Child-Theme/functions.php on line 485

2024-01-09T10:07:46+00:00 CRITICAL Uncaught Error: Call to a member function get_field() on string in /home/timetracking/webapps/timetracking/wp-content/themes/Inunity-Child-Theme/functions.php:485
Stack trace:
#0 /home/timetracking/webapps/timetracking/wp-includes/shortcodes.php(433): display_wpforms_timesheets_shortcode()
#1 [internal function]: do_shortcode_tag()
#2 /home/timetracking/webapps/timetracking/wp-includes/shortcodes.php(273): preg_replace_callback()
#3 /home/timetracking/webapps/timetracking/wp-includes/class-wp-hook.php(324): do_shortcode()
#4 /home/timetracking/webapps/timetracking/wp-includes/plugin.php(205): WP_Hook->apply_filters()
#5 /home/timetracking/webapps/timetracking/wp-includes/rest-api/endpoints/class-wp-rest-revisions-controller.php(620): apply_filters()
#6 /home/timetracking/webapps/timetracking/wp-includes/rest-api/endpoints/class-wp-rest-autosaves-controller.php(451): WP_REST_Revisions_Controller->prepare_item_for_response()
#7 /home/timetracking/webapps/timetracking/wp-includes/rest-api/endpoints/class-wp-rest-autosaves-controller.php(253): WP_REST_Autosaves_Controller->prepare_item_for_response()
#8 /home/timetracking/webapps/timetracking/wp-includes/rest-api/class-wp-rest-server.php(1193): WP_REST_Autosaves_Controller->create_item()
#9 /home/timetracking/webapps/timetracking/wp-includes/rest-api/class-wp-rest-server.php(1041): WP_REST_Server->respond_to_request()
#10 /home/timetracking/webapps/timetracking/wp-includes/rest-api/class-wp-rest-server.php(431): WP_REST_Server->dispatch()
#11 /home/timetracking/webapps/timetracking/wp-includes/rest-api.php(424): WP_REST_Server->serve_request()
#12 /home/timetracking/webapps/timetracking/wp-includes/class-wp-hook.php(324): rest_api_loaded()
#13 /home/timetracking/webapps/timetracking/wp-includes/class-wp-hook.php(348): WP_Hook->apply_filters()
#14 /home/timetracking/webapps/timetracking/wp-includes/plugin.php(565): WP_Hook->do_action()
#15 /home/timetracking/webapps/timetracking/wp-includes/class-wp.php(418): do_action_ref_array()
#16 /home/timetracking/webapps/timetracking/wp-includes/class-wp.php(813): WP->parse_request()
#17 /home/timetracking/webapps/timetracking/wp-includes/functions.php(1336): WP->main()
#18 /home/timetracking/webapps/timetracking/wp-blog-header.php(16): wp()
#19 /home/timetracking/webapps/timetracking/index.php(17): require('...')
#20 {main}
  thrown in /home/timetracking/webapps/timetracking/wp-content/themes/Inunity-Child-Theme/functions.php on line 485

2024-01-09T10:07:56+00:00 CRITICAL Uncaught Error: Call to a member function get_field() on string in /home/timetracking/webapps/timetracking/wp-content/themes/Inunity-Child-Theme/functions.php:485
Stack trace:
#0 /home/timetracking/webapps/timetracking/wp-includes/shortcodes.php(433): display_wpforms_timesheets_shortcode()
#1 [internal function]: do_shortcode_tag()
#2 /home/timetracking/webapps/timetracking/wp-includes/shortcodes.php(273): preg_replace_callback()
#3 /home/timetracking/webapps/timetracking/wp-includes/class-wp-hook.php(324): do_shortcode()
#4 /home/timetracking/webapps/timetracking/wp-includes/plugin.php(205): WP_Hook->apply_filters()
#5 /home/timetracking/webapps/timetracking/wp-includes/rest-api/endpoints/class-wp-rest-posts-controller.php(1863): apply_filters()
#6 /home/timetracking/webapps/timetracking/wp-includes/rest-api/endpoints/class-wp-rest-posts-controller.php(952): WP_REST_Posts_Controller->prepare_item_for_response()
#7 /home/timetracking/webapps/timetracking/wp-includes/rest-api/class-wp-rest-server.php(1193): WP_REST_Posts_Controller->update_item()
#8 /home/timetracking/webapps/timetracking/wp-includes/rest-api/class-wp-rest-server.php(1041): WP_REST_Server->respond_to_request()
#9 /home/timetracking/webapps/timetracking/wp-includes/rest-api/class-wp-rest-server.php(431): WP_REST_Server->dispatch()
#10 /home/timetracking/webapps/timetracking/wp-includes/rest-api.php(424): WP_REST_Server->serve_request()
#11 /home/timetracking/webapps/timetracking/wp-includes/class-wp-hook.php(324): rest_api_loaded()
#12 /home/timetracking/webapps/timetracking/wp-includes/class-wp-hook.php(348): WP_Hook->apply_filters()
#13 /home/timetracking/webapps/timetracking/wp-includes/plugin.php(565): WP_Hook->do_action()
#14 /home/timetracking/webapps/timetracking/wp-includes/class-wp.php(418): do_action_ref_array()
#15 /home/timetracking/webapps/timetracking/wp-includes/class-wp.php(813): WP->parse_request()
#16 /home/timetracking/webapps/timetracking/wp-includes/functions.php(1336): WP->main()
#17 /home/timetracking/webapps/timetracking/wp-blog-header.php(16): wp()
#18 /home/timetracking/webapps/timetracking/index.php(17): require('...')
#19 {main}
  thrown in /home/timetracking/webapps/timetracking/wp-content/themes/Inunity-Child-Theme/functions.php on line 485

2024-01-09T10:08:00+00:00 CRITICAL Uncaught Error: Call to a member function get_field() on string in /home/timetracking/webapps/timetracking/wp-content/themes/Inunity-Child-Theme/functions.php:485
Stack trace:
#0 /home/timetracking/webapps/timetracking/wp-includes/shortcodes.php(433): display_wpforms_timesheets_shortcode()
#1 [internal function]: do_shortcode_tag()
#2 /home/timetracking/webapps/timetracking/wp-includes/shortcodes.php(273): preg_replace_callback()
#3 /home/timetracking/webapps/timetracking/wp-includes/class-wp-hook.php(324): do_shortcode()
#4 /home/timetracking/webapps/timetracking/wp-includes/plugin.php(205): WP_Hook->apply_filters()
#5 /home/timetracking/webapps/timetracking/wp-includes/rest-api/endpoints/class-wp-rest-posts-controller.php(1863): apply_filters()
#6 /home/timetracking/webapps/timetracking/wp-includes/rest-api/endpoints/class-wp-rest-posts-controller.php(952): WP_REST_Posts_Controller->prepare_item_for_response()
#7 /home/timetracking/webapps/timetracking/wp-includes/rest-api/class-wp-rest-server.php(1193): WP_REST_Posts_Controller->update_item()
#8 /home/timetracking/webapps/timetracking/wp-includes/rest-api/class-wp-rest-server.php(1041): WP_REST_Server->respond_to_request()
#9 /home/timetracking/webapps/timetracking/wp-includes/rest-api/class-wp-rest-server.php(431): WP_REST_Server->dispatch()
#10 /home/timetracking/webapps/timetracking/wp-includes/rest-api.php(424): WP_REST_Server->serve_request()
#11 /home/timetracking/webapps/timetracking/wp-includes/class-wp-hook.php(324): rest_api_loaded()
#12 /home/timetracking/webapps/timetracking/wp-includes/class-wp-hook.php(348): WP_Hook->apply_filters()
#13 /home/timetracking/webapps/timetracking/wp-includes/plugin.php(565): WP_Hook->do_action()
#14 /home/timetracking/webapps/timetracking/wp-includes/class-wp.php(418): do_action_ref_array()
#15 /home/timetracking/webapps/timetracking/wp-includes/class-wp.php(813): WP->parse_request()
#16 /home/timetracking/webapps/timetracking/wp-includes/functions.php(1336): WP->main()
#17 /home/timetracking/webapps/timetracking/wp-blog-header.php(16): wp()
#18 /home/timetracking/webapps/timetracking/index.php(17): require('...')
#19 {main}
  thrown in /home/timetracking/webapps/timetracking/wp-content/themes/Inunity-Child-Theme/functions.php on line 485

2024-01-09T10:08:04+00:00 CRITICAL Uncaught Error: Call to a member function get_field() on string in /home/timetracking/webapps/timetracking/wp-content/themes/Inunity-Child-Theme/functions.php:485
Stack trace:
#0 /home/timetracking/webapps/timetracking/wp-includes/shortcodes.php(433): display_wpforms_timesheets_shortcode()
#1 [internal function]: do_shortcode_tag()
#2 /home/timetracking/webapps/timetracking/wp-includes/shortcodes.php(273): preg_replace_callback()
#3 /home/timetracking/webapps/timetracking/wp-includes/class-wp-hook.php(324): do_shortcode()
#4 /home/timetracking/webapps/timetracking/wp-includes/plugin.php(205): WP_Hook->apply_filters()
#5 /home/timetracking/webapps/timetracking/wp-includes/post-template.php(256): apply_filters()
#6 /home/timetracking/webapps/timetracking/wp-content/themes/inunity/page.php(17): the_content()
#7 /home/timetracking/webapps/timetracking/wp-includes/template-loader.php(106): include('...')
#8 /home/timetracking/webapps/timetracking/wp-blog-header.php(19): require_once('...')
#9 /home/timetracking/webapps/timetracking/index.php(17): require('...')
#10 {main}
  thrown in /home/timetracking/webapps/timetracking/wp-content/themes/Inunity-Child-Theme/functions.php on line 485

2024-01-09T10:08:46+00:00 CRITICAL Uncaught Error: Call to a member function get_field() on string in /home/timetracking/webapps/timetracking/wp-content/themes/Inunity-Child-Theme/functions.php:485
Stack trace:
#0 /home/timetracking/webapps/timetracking/wp-includes/shortcodes.php(433): display_wpforms_timesheets_shortcode()
#1 [internal function]: do_shortcode_tag()
#2 /home/timetracking/webapps/timetracking/wp-includes/shortcodes.php(273): preg_replace_callback()
#3 /home/timetracking/webapps/timetracking/wp-includes/class-wp-hook.php(324): do_shortcode()
#4 /home/timetracking/webapps/timetracking/wp-includes/plugin.php(205): WP_Hook->apply_filters()
#5 /home/timetracking/webapps/timetracking/wp-includes/rest-api/endpoints/class-wp-rest-revisions-controller.php(620): apply_filters()
#6 /home/timetracking/webapps/timetracking/wp-includes/rest-api/endpoints/class-wp-rest-autosaves-controller.php(451): WP_REST_Revisions_Controller->prepare_item_for_response()
#7 /home/timetracking/webapps/timetracking/wp-includes/rest-api/endpoints/class-wp-rest-autosaves-controller.php(253): WP_REST_Autosaves_Controller->prepare_item_for_response()
#8 /home/timetracking/webapps/timetracking/wp-includes/rest-api/class-wp-rest-server.php(1193): WP_REST_Autosaves_Controller->create_item()
#9 /home/timetracking/webapps/timetracking/wp-includes/rest-api/class-wp-rest-server.php(1041): WP_REST_Server->respond_to_request()
#10 /home/timetracking/webapps/timetracking/wp-includes/rest-api/class-wp-rest-server.php(431): WP_REST_Server->dispatch()
#11 /home/timetracking/webapps/timetracking/wp-includes/rest-api.php(424): WP_REST_Server->serve_request()
#12 /home/timetracking/webapps/timetracking/wp-includes/class-wp-hook.php(324): rest_api_loaded()
#13 /home/timetracking/webapps/timetracking/wp-includes/class-wp-hook.php(348): WP_Hook->apply_filters()
#14 /home/timetracking/webapps/timetracking/wp-includes/plugin.php(565): WP_Hook->do_action()
#15 /home/timetracking/webapps/timetracking/wp-includes/class-wp.php(418): do_action_ref_array()
#16 /home/timetracking/webapps/timetracking/wp-includes/class-wp.php(813): WP->parse_request()
#17 /home/timetracking/webapps/timetracking/wp-includes/functions.php(1336): WP->main()
#18 /home/timetracking/webapps/timetracking/wp-blog-header.php(16): wp()
#19 /home/timetracking/webapps/timetracking/index.php(17): require('...')
#20 {main}
  thrown in /home/timetracking/webapps/timetracking/wp-content/themes/Inunity-Child-Theme/functions.php on line 485

2024-01-09T10:08:53+00:00 CRITICAL Uncaught Error: Call to a member function get_field() on string in /home/timetracking/webapps/timetracking/wp-content/themes/Inunity-Child-Theme/functions.php:485
Stack trace:
#0 /home/timetracking/webapps/timetracking/wp-includes/shortcodes.php(433): display_wpforms_timesheets_shortcode()
#1 [internal function]: do_shortcode_tag()
#2 /home/timetracking/webapps/timetracking/wp-includes/shortcodes.php(273): preg_replace_callback()
#3 /home/timetracking/webapps/timetracking/wp-includes/class-wp-hook.php(324): do_shortcode()
#4 /home/timetracking/webapps/timetracking/wp-includes/plugin.php(205): WP_Hook->apply_filters()
#5 /home/timetracking/webapps/timetracking/wp-includes/rest-api/endpoints/class-wp-rest-posts-controller.php(1863): apply_filters()
#6 /home/timetracking/webapps/timetracking/wp-includes/rest-api/endpoints/class-wp-rest-posts-controller.php(952): WP_REST_Posts_Controller->prepare_item_for_response()
#7 /home/timetracking/webapps/timetracking/wp-includes/rest-api/class-wp-rest-server.php(1193): WP_REST_Posts_Controller->update_item()
#8 /home/timetracking/webapps/timetracking/wp-includes/rest-api/class-wp-rest-server.php(1041): WP_REST_Server->respond_to_request()
#9 /home/timetracking/webapps/timetracking/wp-includes/rest-api/class-wp-rest-server.php(431): WP_REST_Server->dispatch()
#10 /home/timetracking/webapps/timetracking/wp-includes/rest-api.php(424): WP_REST_Server->serve_request()
#11 /home/timetracking/webapps/timetracking/wp-includes/class-wp-hook.php(324): rest_api_loaded()
#12 /home/timetracking/webapps/timetracking/wp-includes/class-wp-hook.php(348): WP_Hook->apply_filters()
#13 /home/timetracking/webapps/timetracking/wp-includes/plugin.php(565): WP_Hook->do_action()
#14 /home/timetracking/webapps/timetracking/wp-includes/class-wp.php(418): do_action_ref_array()
#15 /home/timetracking/webapps/timetracking/wp-includes/class-wp.php(813): WP->parse_request()
#16 /home/timetracking/webapps/timetracking/wp-includes/functions.php(1336): WP->main()
#17 /home/timetracking/webapps/timetracking/wp-blog-header.php(16): wp()
#18 /home/timetracking/webapps/timetracking/index.php(17): require('...')
#19 {main}
  thrown in /home/timetracking/webapps/timetracking/wp-content/themes/Inunity-Child-Theme/functions.php on line 485

2024-01-09T10:09:47+00:00 CRITICAL Uncaught Error: Call to a member function get_field() on string in /home/timetracking/webapps/timetracking/wp-content/themes/Inunity-Child-Theme/functions.php:485
Stack trace:
#0 /home/timetracking/webapps/timetracking/wp-includes/shortcodes.php(433): display_wpforms_timesheets_shortcode()
#1 [internal function]: do_shortcode_tag()
#2 /home/timetracking/webapps/timetracking/wp-includes/shortcodes.php(273): preg_replace_callback()
#3 /home/timetracking/webapps/timetracking/wp-includes/class-wp-hook.php(324): do_shortcode()
#4 /home/timetracking/webapps/timetracking/wp-includes/plugin.php(205): WP_Hook->apply_filters()
#5 /home/timetracking/webapps/timetracking/wp-includes/rest-api/endpoints/class-wp-rest-revisions-controller.php(620): apply_filters()
#6 /home/timetracking/webapps/timetracking/wp-includes/rest-api/endpoints/class-wp-rest-autosaves-controller.php(451): WP_REST_Revisions_Controller->prepare_item_for_response()
#7 /home/timetracking/webapps/timetracking/wp-includes/rest-api/endpoints/class-wp-rest-autosaves-controller.php(253): WP_REST_Autosaves_Controller->prepare_item_for_response()
#8 /home/timetracking/webapps/timetracking/wp-includes/rest-api/class-wp-rest-server.php(1193): WP_REST_Autosaves_Controller->create_item()
#9 /home/timetracking/webapps/timetracking/wp-includes/rest-api/class-wp-rest-server.php(1041): WP_REST_Server->respond_to_request()
#10 /home/timetracking/webapps/timetracking/wp-includes/rest-api/class-wp-rest-server.php(431): WP_REST_Server->dispatch()
#11 /home/timetracking/webapps/timetracking/wp-includes/rest-api.php(424): WP_REST_Server->serve_request()
#12 /home/timetracking/webapps/timetracking/wp-includes/class-wp-hook.php(324): rest_api_loaded()
#13 /home/timetracking/webapps/timetracking/wp-includes/class-wp-hook.php(348): WP_Hook->apply_filters()
#14 /home/timetracking/webapps/timetracking/wp-includes/plugin.php(565): WP_Hook->do_action()
#15 /home/timetracking/webapps/timetracking/wp-includes/class-wp.php(418): do_action_ref_array()
#16 /home/timetracking/webapps/timetracking/wp-includes/class-wp.php(813): WP->parse_request()
#17 /home/timetracking/webapps/timetracking/wp-includes/functions.php(1336): WP->main()
#18 /home/timetracking/webapps/timetracking/wp-blog-header.php(16): wp()
#19 /home/timetracking/webapps/timetracking/index.php(17): require('...')
#20 {main}
  thrown in /home/timetracking/webapps/timetracking/wp-content/themes/Inunity-Child-Theme/functions.php on line 485

2024-01-09T10:12:29+00:00 CRITICAL Uncaught Error: Call to a member function get_field() on string in /home/timetracking/webapps/timetracking/wp-content/themes/Inunity-Child-Theme/functions.php:485
Stack trace:
#0 /home/timetracking/webapps/timetracking/wp-includes/shortcodes.php(433): display_wpforms_timesheets_shortcode()
#1 [internal function]: do_shortcode_tag()
#2 /home/timetracking/webapps/timetracking/wp-includes/shortcodes.php(273): preg_replace_callback()
#3 /home/timetracking/webapps/timetracking/wp-includes/class-wp-hook.php(324): do_shortcode()
#4 /home/timetracking/webapps/timetracking/wp-includes/plugin.php(205): WP_Hook->apply_filters()
#5 /home/timetracking/webapps/timetracking/wp-includes/post-template.php(256): apply_filters()
#6 /home/timetracking/webapps/timetracking/wp-content/themes/inunity/page.php(17): the_content()
#7 /home/timetracking/webapps/timetracking/wp-includes/template-loader.php(106): include('...')
#8 /home/timetracking/webapps/timetracking/wp-blog-header.php(19): require_once('...')
#9 /home/timetracking/webapps/timetracking/index.php(17): require('...')
#10 {main}
  thrown in /home/timetracking/webapps/timetracking/wp-content/themes/Inunity-Child-Theme/functions.php on line 485

2024-01-09T10:13:05+00:00 CRITICAL Uncaught Error: Call to a member function get_field() on string in /home/timetracking/webapps/timetracking/wp-content/themes/Inunity-Child-Theme/functions.php:485
Stack trace:
#0 /home/timetracking/webapps/timetracking/wp-includes/shortcodes.php(433): display_wpforms_timesheets_shortcode()
#1 [internal function]: do_shortcode_tag()
#2 /home/timetracking/webapps/timetracking/wp-includes/shortcodes.php(273): preg_replace_callback()
#3 /home/timetracking/webapps/timetracking/wp-includes/class-wp-hook.php(324): do_shortcode()
#4 /home/timetracking/webapps/timetracking/wp-includes/plugin.php(205): WP_Hook->apply_filters()
#5 /home/timetracking/webapps/timetracking/wp-includes/rest-api/endpoints/class-wp-rest-posts-controller.php(1863): apply_filters()
#6 /home/timetracking/webapps/timetracking/wp-includes/rest-api/endpoints/class-wp-rest-posts-controller.php(569): WP_REST_Posts_Controller->prepare_item_for_response()
#7 /home/timetracking/webapps/timetracking/wp-includes/rest-api/class-wp-rest-server.php(1193): WP_REST_Posts_Controller->get_item()
#8 /home/timetracking/webapps/timetracking/wp-includes/rest-api/class-wp-rest-server.php(1041): WP_REST_Server->respond_to_request()
#9 /home/timetracking/webapps/timetracking/wp-includes/rest-api.php(551): WP_REST_Server->dispatch()
#10 /home/timetracking/webapps/timetracking/wp-includes/rest-api.php(2918): rest_do_request()
#11 [internal function]: rest_preload_api_request()
#12 /home/timetracking/webapps/timetracking/wp-includes/block-editor.php(753): array_reduce()
#13 /home/timetracking/webapps/timetracking/wp-admin/edit-form-blocks.php(77): block_editor_rest_api_preload()
#14 /home/timetracking/webapps/timetracking/wp-admin/post.php(187): require('...')
#15 {main}
  thrown in /home/timetracking/webapps/timetracking/wp-content/themes/Inunity-Child-Theme/functions.php on line 485

2024-01-09T10:13:18+00:00 CRITICAL Uncaught Error: Call to a member function get_field() on string in /home/timetracking/webapps/timetracking/wp-content/themes/Inunity-Child-Theme/functions.php:485
Stack trace:
#0 /home/timetracking/webapps/timetracking/wp-includes/shortcodes.php(433): display_wpforms_timesheets_shortcode()
#1 [internal function]: do_shortcode_tag()
#2 /home/timetracking/webapps/timetracking/wp-includes/shortcodes.php(273): preg_replace_callback()
#3 /home/timetracking/webapps/timetracking/wp-includes/class-wp-hook.php(324): do_shortcode()
#4 /home/timetracking/webapps/timetracking/wp-includes/plugin.php(205): WP_Hook->apply_filters()
#5 /home/timetracking/webapps/timetracking/wp-includes/rest-api/endpoints/class-wp-rest-posts-controller.php(1863): apply_filters()
#6 /home/timetracking/webapps/timetracking/wp-includes/rest-api/endpoints/class-wp-rest-posts-controller.php(569): WP_REST_Posts_Controller->prepare_item_for_response()
#7 /home/timetracking/webapps/timetracking/wp-includes/rest-api/class-wp-rest-server.php(1193): WP_REST_Posts_Controller->get_item()
#8 /home/timetracking/webapps/timetracking/wp-includes/rest-api/class-wp-rest-server.php(1041): WP_REST_Server->respond_to_request()
#9 /home/timetracking/webapps/timetracking/wp-includes/rest-api.php(551): WP_REST_Server->dispatch()
#10 /home/timetracking/webapps/timetracking/wp-includes/rest-api.php(2918): rest_do_request()
#11 [internal function]: rest_preload_api_request()
#12 /home/timetracking/webapps/timetracking/wp-includes/block-editor.php(753): array_reduce()
#13 /home/timetracking/webapps/timetracking/wp-admin/edit-form-blocks.php(77): block_editor_rest_api_preload()
#14 /home/timetracking/webapps/timetracking/wp-admin/post.php(187): require('...')
#15 {main}
  thrown in /home/timetracking/webapps/timetracking/wp-content/themes/Inunity-Child-Theme/functions.php on line 485

2024-01-09T10:13:37+00:00 CRITICAL Uncaught Error: Call to a member function get_field() on string in /home/timetracking/webapps/timetracking/wp-content/themes/Inunity-Child-Theme/functions.php:485
Stack trace:
#0 /home/timetracking/webapps/timetracking/wp-includes/shortcodes.php(433): display_wpforms_timesheets_shortcode()
#1 [internal function]: do_shortcode_tag()
#2 /home/timetracking/webapps/timetracking/wp-includes/shortcodes.php(273): preg_replace_callback()
#3 /home/timetracking/webapps/timetracking/wp-includes/class-wp-hook.php(324): do_shortcode()
#4 /home/timetracking/webapps/timetracking/wp-includes/plugin.php(205): WP_Hook->apply_filters()
#5 /home/timetracking/webapps/timetracking/wp-includes/post-template.php(256): apply_filters()
#6 /home/timetracking/webapps/timetracking/wp-content/themes/inunity/page.php(17): the_content()
#7 /home/timetracking/webapps/timetracking/wp-includes/template-loader.php(106): include('...')
#8 /home/timetracking/webapps/timetracking/wp-blog-header.php(19): require_once('...')
#9 /home/timetracking/webapps/timetracking/index.php(17): require('...')
#10 {main}
  thrown in /home/timetracking/webapps/timetracking/wp-content/themes/Inunity-Child-Theme/functions.php on line 485

2024-01-09T10:14:04+00:00 CRITICAL Uncaught Error: Call to a member function get_field() on string in /home/timetracking/webapps/timetracking/wp-content/themes/Inunity-Child-Theme/functions.php:485
Stack trace:
#0 /home/timetracking/webapps/timetracking/wp-includes/shortcodes.php(433): display_wpforms_timesheets_shortcode()
#1 [internal function]: do_shortcode_tag()
#2 /home/timetracking/webapps/timetracking/wp-includes/shortcodes.php(273): preg_replace_callback()
#3 /home/timetracking/webapps/timetracking/wp-includes/class-wp-hook.php(324): do_shortcode()
#4 /home/timetracking/webapps/timetracking/wp-includes/plugin.php(205): WP_Hook->apply_filters()
#5 /home/timetracking/webapps/timetracking/wp-includes/rest-api/endpoints/class-wp-rest-posts-controller.php(1863): apply_filters()
#6 /home/timetracking/webapps/timetracking/wp-includes/rest-api/endpoints/class-wp-rest-posts-controller.php(569): WP_REST_Posts_Controller->prepare_item_for_response()
#7 /home/timetracking/webapps/timetracking/wp-includes/rest-api/class-wp-rest-server.php(1193): WP_REST_Posts_Controller->get_item()
#8 /home/timetracking/webapps/timetracking/wp-includes/rest-api/class-wp-rest-server.php(1041): WP_REST_Server->respond_to_request()
#9 /home/timetracking/webapps/timetracking/wp-includes/rest-api.php(551): WP_REST_Server->dispatch()
#10 /home/timetracking/webapps/timetracking/wp-includes/rest-api.php(2918): rest_do_request()
#11 [internal function]: rest_preload_api_request()
#12 /home/timetracking/webapps/timetracking/wp-includes/block-editor.php(753): array_reduce()
#13 /home/timetracking/webapps/timetracking/wp-admin/edit-form-blocks.php(77): block_editor_rest_api_preload()
#14 /home/timetracking/webapps/timetracking/wp-admin/post.php(187): require('...')
#15 {main}
  thrown in /home/timetracking/webapps/timetracking/wp-content/themes/Inunity-Child-Theme/functions.php on line 485

2024-01-09T10:14:30+00:00 CRITICAL Uncaught Error: Call to a member function get_field() on string in /home/timetracking/webapps/timetracking/wp-content/themes/Inunity-Child-Theme/functions.php:485
Stack trace:
#0 /home/timetracking/webapps/timetracking/wp-includes/shortcodes.php(433): display_wpforms_timesheets_shortcode()
#1 [internal function]: do_shortcode_tag()
#2 /home/timetracking/webapps/timetracking/wp-includes/shortcodes.php(273): preg_replace_callback()
#3 /home/timetracking/webapps/timetracking/wp-includes/class-wp-hook.php(324): do_shortcode()
#4 /home/timetracking/webapps/timetracking/wp-includes/plugin.php(205): WP_Hook->apply_filters()
#5 /home/timetracking/webapps/timetracking/wp-includes/rest-api/endpoints/class-wp-rest-posts-controller.php(1863): apply_filters()
#6 /home/timetracking/webapps/timetracking/wp-includes/rest-api/endpoints/class-wp-rest-posts-controller.php(569): WP_REST_Posts_Controller->prepare_item_for_response()
#7 /home/timetracking/webapps/timetracking/wp-includes/rest-api/class-wp-rest-server.php(1193): WP_REST_Posts_Controller->get_item()
#8 /home/timetracking/webapps/timetracking/wp-includes/rest-api/class-wp-rest-server.php(1041): WP_REST_Server->respond_to_request()
#9 /home/timetracking/webapps/timetracking/wp-includes/rest-api.php(551): WP_REST_Server->dispatch()
#10 /home/timetracking/webapps/timetracking/wp-includes/rest-api.php(2918): rest_do_request()
#11 [internal function]: rest_preload_api_request()
#12 /home/timetracking/webapps/timetracking/wp-includes/block-editor.php(753): array_reduce()
#13 /home/timetracking/webapps/timetracking/wp-admin/edit-form-blocks.php(77): block_editor_rest_api_preload()
#14 /home/timetracking/webapps/timetracking/wp-admin/post.php(187): require('...')
#15 {main}
  thrown in /home/timetracking/webapps/timetracking/wp-content/themes/Inunity-Child-Theme/functions.php on line 485

2024-01-09T10:17:40+00:00 CRITICAL Uncaught Error: Call to a member function get_field() on string in /home/timetracking/webapps/timetracking/wp-content/themes/Inunity-Child-Theme/functions.php:485
Stack trace:
#0 /home/timetracking/webapps/timetracking/wp-includes/shortcodes.php(433): display_wpforms_timesheets_shortcode()
#1 [internal function]: do_shortcode_tag()
#2 /home/timetracking/webapps/timetracking/wp-includes/shortcodes.php(273): preg_replace_callback()
#3 /home/timetracking/webapps/timetracking/wp-includes/class-wp-hook.php(324): do_shortcode()
#4 /home/timetracking/webapps/timetracking/wp-includes/plugin.php(205): WP_Hook->apply_filters()
#5 /home/timetracking/webapps/timetracking/wp-includes/rest-api/endpoints/class-wp-rest-posts-controller.php(1863): apply_filters()
#6 /home/timetracking/webapps/timetracking/wp-includes/rest-api/endpoints/class-wp-rest-posts-controller.php(952): WP_REST_Posts_Controller->prepare_item_for_response()
#7 /home/timetracking/webapps/timetracking/wp-includes/rest-api/class-wp-rest-server.php(1193): WP_REST_Posts_Controller->update_item()
#8 /home/timetracking/webapps/timetracking/wp-includes/rest-api/class-wp-rest-server.php(1041): WP_REST_Server->respond_to_request()
#9 /home/timetracking/webapps/timetracking/wp-includes/rest-api/class-wp-rest-server.php(431): WP_REST_Server->dispatch()
#10 /home/timetracking/webapps/timetracking/wp-includes/rest-api.php(424): WP_REST_Server->serve_request()
#11 /home/timetracking/webapps/timetracking/wp-includes/class-wp-hook.php(324): rest_api_loaded()
#12 /home/timetracking/webapps/timetracking/wp-includes/class-wp-hook.php(348): WP_Hook->apply_filters()
#13 /home/timetracking/webapps/timetracking/wp-includes/plugin.php(565): WP_Hook->do_action()
#14 /home/timetracking/webapps/timetracking/wp-includes/class-wp.php(418): do_action_ref_array()
#15 /home/timetracking/webapps/timetracking/wp-includes/class-wp.php(813): WP->parse_request()
#16 /home/timetracking/webapps/timetracking/wp-includes/functions.php(1336): WP->main()
#17 /home/timetracking/webapps/timetracking/wp-blog-header.php(16): wp()
#18 /home/timetracking/webapps/timetracking/index.php(17): require('...')
#19 {main}
  thrown in /home/timetracking/webapps/timetracking/wp-content/themes/Inunity-Child-Theme/functions.php on line 485

2024-01-09T10:17:52+00:00 CRITICAL Uncaught Error: Call to a member function get_field() on string in /home/timetracking/webapps/timetracking/wp-content/themes/Inunity-Child-Theme/functions.php:485
Stack trace:
#0 /home/timetracking/webapps/timetracking/wp-includes/shortcodes.php(433): display_wpforms_timesheets_shortcode()
#1 [internal function]: do_shortcode_tag()
#2 /home/timetracking/webapps/timetracking/wp-includes/shortcodes.php(273): preg_replace_callback()
#3 /home/timetracking/webapps/timetracking/wp-includes/class-wp-hook.php(324): do_shortcode()
#4 /home/timetracking/webapps/timetracking/wp-includes/plugin.php(205): WP_Hook->apply_filters()
#5 /home/timetracking/webapps/timetracking/wp-includes/post-template.php(256): apply_filters()
#6 /home/timetracking/webapps/timetracking/wp-content/themes/inunity/page.php(17): the_content()
#7 /home/timetracking/webapps/timetracking/wp-includes/template-loader.php(106): include('...')
#8 /home/timetracking/webapps/timetracking/wp-blog-header.php(19): require_once('...')
#9 /home/timetracking/webapps/timetracking/index.php(17): require('...')
#10 {main}
  thrown in /home/timetracking/webapps/timetracking/wp-content/themes/Inunity-Child-Theme/functions.php on line 485

2024-01-09T10:18:37+00:00 CRITICAL Uncaught Error: Call to a member function get_field() on string in /home/timetracking/webapps/timetracking/wp-content/themes/Inunity-Child-Theme/functions.php:485
Stack trace:
#0 /home/timetracking/webapps/timetracking/wp-includes/shortcodes.php(433): display_wpforms_timesheets_shortcode()
#1 [internal function]: do_shortcode_tag()
#2 /home/timetracking/webapps/timetracking/wp-includes/shortcodes.php(273): preg_replace_callback()
#3 /home/timetracking/webapps/timetracking/wp-includes/class-wp-hook.php(324): do_shortcode()
#4 /home/timetracking/webapps/timetracking/wp-includes/plugin.php(205): WP_Hook->apply_filters()
#5 /home/timetracking/webapps/timetracking/wp-includes/rest-api/endpoints/class-wp-rest-posts-controller.php(1863): apply_filters()
#6 /home/timetracking/webapps/timetracking/wp-includes/rest-api/endpoints/class-wp-rest-posts-controller.php(569): WP_REST_Posts_Controller->prepare_item_for_response()
#7 /home/timetracking/webapps/timetracking/wp-includes/rest-api/class-wp-rest-server.php(1193): WP_REST_Posts_Controller->get_item()
#8 /home/timetracking/webapps/timetracking/wp-includes/rest-api/class-wp-rest-server.php(1041): WP_REST_Server->respond_to_request()
#9 /home/timetracking/webapps/timetracking/wp-includes/rest-api.php(551): WP_REST_Server->dispatch()
#10 /home/timetracking/webapps/timetracking/wp-includes/rest-api.php(2918): rest_do_request()
#11 [internal function]: rest_preload_api_request()
#12 /home/timetracking/webapps/timetracking/wp-includes/block-editor.php(753): array_reduce()
#13 /home/timetracking/webapps/timetracking/wp-admin/edit-form-blocks.php(77): block_editor_rest_api_preload()
#14 /home/timetracking/webapps/timetracking/wp-admin/post.php(187): require('...')
#15 {main}
  thrown in /home/timetracking/webapps/timetracking/wp-content/themes/Inunity-Child-Theme/functions.php on line 485

2024-01-09T10:18:55+00:00 CRITICAL Uncaught Error: Call to a member function get_field() on string in /home/timetracking/webapps/timetracking/wp-content/themes/Inunity-Child-Theme/functions.php:485
Stack trace:
#0 /home/timetracking/webapps/timetracking/wp-includes/shortcodes.php(433): display_wpforms_timesheets_shortcode()
#1 [internal function]: do_shortcode_tag()
#2 /home/timetracking/webapps/timetracking/wp-includes/shortcodes.php(273): preg_replace_callback()
#3 /home/timetracking/webapps/timetracking/wp-includes/class-wp-hook.php(324): do_shortcode()
#4 /home/timetracking/webapps/timetracking/wp-includes/plugin.php(205): WP_Hook->apply_filters()
#5 /home/timetracking/webapps/timetracking/wp-includes/rest-api/endpoints/class-wp-rest-posts-controller.php(1863): apply_filters()
#6 /home/timetracking/webapps/timetracking/wp-includes/rest-api/endpoints/class-wp-rest-posts-controller.php(569): WP_REST_Posts_Controller->prepare_item_for_response()
#7 /home/timetracking/webapps/timetracking/wp-includes/rest-api/class-wp-rest-server.php(1193): WP_REST_Posts_Controller->get_item()
#8 /home/timetracking/webapps/timetracking/wp-includes/rest-api/class-wp-rest-server.php(1041): WP_REST_Server->respond_to_request()
#9 /home/timetracking/webapps/timetracking/wp-includes/rest-api.php(551): WP_REST_Server->dispatch()
#10 /home/timetracking/webapps/timetracking/wp-includes/rest-api.php(2918): rest_do_request()
#11 [internal function]: rest_preload_api_request()
#12 /home/timetracking/webapps/timetracking/wp-includes/block-editor.php(753): array_reduce()
#13 /home/timetracking/webapps/timetracking/wp-admin/edit-form-blocks.php(77): block_editor_rest_api_preload()
#14 /home/timetracking/webapps/timetracking/wp-admin/post.php(187): require('...')
#15 {main}
  thrown in /home/timetracking/webapps/timetracking/wp-content/themes/Inunity-Child-Theme/functions.php on line 485

2024-01-09T10:20:49+00:00 CRITICAL Uncaught Error: Call to a member function get_field() on string in /home/timetracking/webapps/timetracking/wp-content/themes/Inunity-Child-Theme/functions.php:485
Stack trace:
#0 /home/timetracking/webapps/timetracking/wp-includes/shortcodes.php(433): display_wpforms_timesheets_shortcode()
#1 [internal function]: do_shortcode_tag()
#2 /home/timetracking/webapps/timetracking/wp-includes/shortcodes.php(273): preg_replace_callback()
#3 /home/timetracking/webapps/timetracking/wp-includes/class-wp-hook.php(324): do_shortcode()
#4 /home/timetracking/webapps/timetracking/wp-includes/plugin.php(205): WP_Hook->apply_filters()
#5 /home/timetracking/webapps/timetracking/wp-includes/rest-api/endpoints/class-wp-rest-posts-controller.php(1863): apply_filters()
#6 /home/timetracking/webapps/timetracking/wp-includes/rest-api/endpoints/class-wp-rest-posts-controller.php(569): WP_REST_Posts_Controller->prepare_item_for_response()
#7 /home/timetracking/webapps/timetracking/wp-includes/rest-api/class-wp-rest-server.php(1193): WP_REST_Posts_Controller->get_item()
#8 /home/timetracking/webapps/timetracking/wp-includes/rest-api/class-wp-rest-server.php(1041): WP_REST_Server->respond_to_request()
#9 /home/timetracking/webapps/timetracking/wp-includes/rest-api.php(551): WP_REST_Server->dispatch()
#10 /home/timetracking/webapps/timetracking/wp-includes/rest-api.php(2918): rest_do_request()
#11 [internal function]: rest_preload_api_request()
#12 /home/timetracking/webapps/timetracking/wp-includes/block-editor.php(753): array_reduce()
#13 /home/timetracking/webapps/timetracking/wp-admin/edit-form-blocks.php(77): block_editor_rest_api_preload()
#14 /home/timetracking/webapps/timetracking/wp-admin/post.php(187): require('...')
#15 {main}
  thrown in /home/timetracking/webapps/timetracking/wp-content/themes/Inunity-Child-Theme/functions.php on line 485

2024-01-09T10:21:27+00:00 CRITICAL Uncaught Error: Call to a member function get_field() on string in /home/timetracking/webapps/timetracking/wp-content/themes/Inunity-Child-Theme/functions.php:485
Stack trace:
#0 /home/timetracking/webapps/timetracking/wp-includes/shortcodes.php(433): display_wpforms_timesheets_shortcode()
#1 [internal function]: do_shortcode_tag()
#2 /home/timetracking/webapps/timetracking/wp-includes/shortcodes.php(273): preg_replace_callback()
#3 /home/timetracking/webapps/timetracking/wp-includes/class-wp-hook.php(324): do_shortcode()
#4 /home/timetracking/webapps/timetracking/wp-includes/plugin.php(205): WP_Hook->apply_filters()
#5 /home/timetracking/webapps/timetracking/wp-includes/post-template.php(256): apply_filters()
#6 /home/timetracking/webapps/timetracking/wp-content/themes/inunity/page.php(17): the_content()
#7 /home/timetracking/webapps/timetracking/wp-includes/template-loader.php(106): include('...')
#8 /home/timetracking/webapps/timetracking/wp-blog-header.php(19): require_once('...')
#9 /home/timetracking/webapps/timetracking/index.php(17): require('...')
#10 {main}
  thrown in /home/timetracking/webapps/timetracking/wp-content/themes/Inunity-Child-Theme/functions.php on line 485

2024-01-09T10:22:49+00:00 CRITICAL Uncaught Error: Call to a member function get_field() on string in /home/timetracking/webapps/timetracking/wp-content/themes/Inunity-Child-Theme/functions.php:485
Stack trace:
#0 /home/timetracking/webapps/timetracking/wp-includes/shortcodes.php(433): display_wpforms_timesheets_shortcode()
#1 [internal function]: do_shortcode_tag()
#2 /home/timetracking/webapps/timetracking/wp-includes/shortcodes.php(273): preg_replace_callback()
#3 /home/timetracking/webapps/timetracking/wp-includes/class-wp-hook.php(324): do_shortcode()
#4 /home/timetracking/webapps/timetracking/wp-includes/plugin.php(205): WP_Hook->apply_filters()
#5 /home/timetracking/webapps/timetracking/wp-includes/rest-api/endpoints/class-wp-rest-posts-controller.php(1863): apply_filters()
#6 /home/timetracking/webapps/timetracking/wp-includes/rest-api/endpoints/class-wp-rest-posts-controller.php(569): WP_REST_Posts_Controller->prepare_item_for_response()
#7 /home/timetracking/webapps/timetracking/wp-includes/rest-api/class-wp-rest-server.php(1193): WP_REST_Posts_Controller->get_item()
#8 /home/timetracking/webapps/timetracking/wp-includes/rest-api/class-wp-rest-server.php(1041): WP_REST_Server->respond_to_request()
#9 /home/timetracking/webapps/timetracking/wp-includes/rest-api.php(551): WP_REST_Server->dispatch()
#10 /home/timetracking/webapps/timetracking/wp-includes/rest-api.php(2918): rest_do_request()
#11 [internal function]: rest_preload_api_request()
#12 /home/timetracking/webapps/timetracking/wp-includes/block-editor.php(753): array_reduce()
#13 /home/timetracking/webapps/timetracking/wp-admin/edit-form-blocks.php(77): block_editor_rest_api_preload()
#14 /home/timetracking/webapps/timetracking/wp-admin/post.php(187): require('...')
#15 {main}
  thrown in /home/timetracking/webapps/timetracking/wp-content/themes/Inunity-Child-Theme/functions.php on line 485

2024-01-09T10:26:10+00:00 CRITICAL Uncaught Error: Call to a member function get_field() on string in /home/timetracking/webapps/timetracking/wp-content/themes/Inunity-Child-Theme/functions.php:485
Stack trace:
#0 /home/timetracking/webapps/timetracking/wp-includes/shortcodes.php(433): display_wpforms_timesheets_shortcode()
#1 [internal function]: do_shortcode_tag()
#2 /home/timetracking/webapps/timetracking/wp-includes/shortcodes.php(273): preg_replace_callback()
#3 /home/timetracking/webapps/timetracking/wp-includes/class-wp-hook.php(324): do_shortcode()
#4 /home/timetracking/webapps/timetracking/wp-includes/plugin.php(205): WP_Hook->apply_filters()
#5 /home/timetracking/webapps/timetracking/wp-includes/rest-api/endpoints/class-wp-rest-posts-controller.php(1863): apply_filters()
#6 /home/timetracking/webapps/timetracking/wp-includes/rest-api/endpoints/class-wp-rest-posts-controller.php(569): WP_REST_Posts_Controller->prepare_item_for_response()
#7 /home/timetracking/webapps/timetracking/wp-includes/rest-api/class-wp-rest-server.php(1193): WP_REST_Posts_Controller->get_item()
#8 /home/timetracking/webapps/timetracking/wp-includes/rest-api/class-wp-rest-server.php(1041): WP_REST_Server->respond_to_request()
#9 /home/timetracking/webapps/timetracking/wp-includes/rest-api.php(551): WP_REST_Server->dispatch()
#10 /home/timetracking/webapps/timetracking/wp-includes/rest-api.php(2918): rest_do_request()
#11 [internal function]: rest_preload_api_request()
#12 /home/timetracking/webapps/timetracking/wp-includes/block-editor.php(753): array_reduce()
#13 /home/timetracking/webapps/timetracking/wp-admin/edit-form-blocks.php(77): block_editor_rest_api_preload()
#14 /home/timetracking/webapps/timetracking/wp-admin/post.php(187): require('...')
#15 {main}
  thrown in /home/timetracking/webapps/timetracking/wp-content/themes/Inunity-Child-Theme/functions.php on line 485

2024-01-09T10:26:14+00:00 CRITICAL Uncaught Error: Call to a member function get_field() on string in /home/timetracking/webapps/timetracking/wp-content/themes/Inunity-Child-Theme/functions.php:485
Stack trace:
#0 /home/timetracking/webapps/timetracking/wp-includes/shortcodes.php(433): display_wpforms_timesheets_shortcode()
#1 [internal function]: do_shortcode_tag()
#2 /home/timetracking/webapps/timetracking/wp-includes/shortcodes.php(273): preg_replace_callback()
#3 /home/timetracking/webapps/timetracking/wp-includes/class-wp-hook.php(324): do_shortcode()
#4 /home/timetracking/webapps/timetracking/wp-includes/plugin.php(205): WP_Hook->apply_filters()
#5 /home/timetracking/webapps/timetracking/wp-includes/rest-api/endpoints/class-wp-rest-posts-controller.php(1863): apply_filters()
#6 /home/timetracking/webapps/timetracking/wp-includes/rest-api/endpoints/class-wp-rest-posts-controller.php(569): WP_REST_Posts_Controller->prepare_item_for_response()
#7 /home/timetracking/webapps/timetracking/wp-includes/rest-api/class-wp-rest-server.php(1193): WP_REST_Posts_Controller->get_item()
#8 /home/timetracking/webapps/timetracking/wp-includes/rest-api/class-wp-rest-server.php(1041): WP_REST_Server->respond_to_request()
#9 /home/timetracking/webapps/timetracking/wp-includes/rest-api.php(551): WP_REST_Server->dispatch()
#10 /home/timetracking/webapps/timetracking/wp-includes/rest-api.php(2918): rest_do_request()
#11 [internal function]: rest_preload_api_request()
#12 /home/timetracking/webapps/timetracking/wp-includes/block-editor.php(753): array_reduce()
#13 /home/timetracking/webapps/timetracking/wp-admin/edit-form-blocks.php(77): block_editor_rest_api_preload()
#14 /home/timetracking/webapps/timetracking/wp-admin/post.php(187): require('...')
#15 {main}
  thrown in /home/timetracking/webapps/timetracking/wp-content/themes/Inunity-Child-Theme/functions.php on line 485

2024-01-09T10:27:37+00:00 CRITICAL Uncaught Error: Call to a member function get_field() on string in /home/timetracking/webapps/timetracking/wp-content/themes/Inunity-Child-Theme/template-timesheet.php:23
Stack trace:
#0 /home/timetracking/webapps/timetracking/wp-includes/template-loader.php(106): include()
#1 /home/timetracking/webapps/timetracking/wp-blog-header.php(19): require_once('...')
#2 /home/timetracking/webapps/timetracking/index.php(17): require('...')
#3 {main}
  thrown in /home/timetracking/webapps/timetracking/wp-content/themes/Inunity-Child-Theme/template-timesheet.php on line 23

2024-01-09T10:30:21+00:00 CRITICAL Uncaught Error: Call to a member function get_field() on string in /home/timetracking/webapps/timetracking/wp-content/themes/Inunity-Child-Theme/template-timesheet.php:23
Stack trace:
#0 /home/timetracking/webapps/timetracking/wp-includes/template-loader.php(106): include()
#1 /home/timetracking/webapps/timetracking/wp-blog-header.php(19): require_once('...')
#2 /home/timetracking/webapps/timetracking/index.php(17): require('...')
#3 {main}
  thrown in /home/timetracking/webapps/timetracking/wp-content/themes/Inunity-Child-Theme/template-timesheet.php on line 23

2024-01-09T10:30:38+00:00 CRITICAL Uncaught Error: Call to a member function get_field() on string in /home/timetracking/webapps/timetracking/wp-content/themes/Inunity-Child-Theme/template-timesheet.php:23
Stack trace:
#0 /home/timetracking/webapps/timetracking/wp-includes/template-loader.php(106): include()
#1 /home/timetracking/webapps/timetracking/wp-blog-header.php(19): require_once('...')
#2 /home/timetracking/webapps/timetracking/index.php(17): require('...')
#3 {main}
  thrown in /home/timetracking/webapps/timetracking/wp-content/themes/Inunity-Child-Theme/template-timesheet.php on line 23

2024-01-09T10:32:19+00:00 CRITICAL Uncaught Error: Call to a member function get_field() on string in /home/timetracking/webapps/timetracking/wp-content/themes/Inunity-Child-Theme/template-timesheet.php:23
Stack trace:
#0 /home/timetracking/webapps/timetracking/wp-includes/template-loader.php(106): include()
#1 /home/timetracking/webapps/timetracking/wp-blog-header.php(19): require_once('...')
#2 /home/timetracking/webapps/timetracking/index.php(17): require('...')
#3 {main}
  thrown in /home/timetracking/webapps/timetracking/wp-content/themes/Inunity-Child-Theme/template-timesheet.php on line 23

2024-01-09T10:42:48+00:00 CRITICAL Uncaught Error: Call to a member function get_field() on string in /home/timetracking/webapps/timetracking/wp-content/themes/Inunity-Child-Theme/template-timesheet.php:23
Stack trace:
#0 /home/timetracking/webapps/timetracking/wp-includes/template-loader.php(106): include()
#1 /home/timetracking/webapps/timetracking/wp-blog-header.php(19): require_once('...')
#2 /home/timetracking/webapps/timetracking/index.php(17): require('...')
#3 {main}
  thrown in /home/timetracking/webapps/timetracking/wp-content/themes/Inunity-Child-Theme/template-timesheet.php on line 23

2024-01-09T10:42:51+00:00 CRITICAL Uncaught Error: Call to a member function get_field() on string in /home/timetracking/webapps/timetracking/wp-content/themes/Inunity-Child-Theme/template-timesheet.php:23
Stack trace:
#0 /home/timetracking/webapps/timetracking/wp-includes/template-loader.php(106): include()
#1 /home/timetracking/webapps/timetracking/wp-blog-header.php(19): require_once('...')
#2 /home/timetracking/webapps/timetracking/index.php(17): require('...')
#3 {main}
  thrown in /home/timetracking/webapps/timetracking/wp-content/themes/Inunity-Child-Theme/template-timesheet.php on line 23

2024-01-09T10:54:03+00:00 CRITICAL Uncaught Error: Call to a member function get_field() on string in /home/timetracking/webapps/timetracking/wp-content/themes/Inunity-Child-Theme/template-timesheet.php:23
Stack trace:
#0 /home/timetracking/webapps/timetracking/wp-includes/template-loader.php(106): include()
#1 /home/timetracking/webapps/timetracking/wp-blog-header.php(19): require_once('...')
#2 /home/timetracking/webapps/timetracking/index.php(17): require('...')
#3 {main}
  thrown in /home/timetracking/webapps/timetracking/wp-content/themes/Inunity-Child-Theme/template-timesheet.php on line 23

2024-01-09T10:54:08+00:00 CRITICAL Uncaught Error: Call to a member function get_field() on string in /home/timetracking/webapps/timetracking/wp-content/themes/Inunity-Child-Theme/template-timesheet.php:23
Stack trace:
#0 /home/timetracking/webapps/timetracking/wp-includes/template-loader.php(106): include()
#1 /home/timetracking/webapps/timetracking/wp-blog-header.php(19): require_once('...')
#2 /home/timetracking/webapps/timetracking/index.php(17): require('...')
#3 {main}
  thrown in /home/timetracking/webapps/timetracking/wp-content/themes/Inunity-Child-Theme/template-timesheet.php on line 23

2024-01-09T10:54:11+00:00 CRITICAL Uncaught Error: Call to a member function get_field() on string in /home/timetracking/webapps/timetracking/wp-content/themes/Inunity-Child-Theme/template-timesheet.php:23
Stack trace:
#0 /home/timetracking/webapps/timetracking/wp-includes/template-loader.php(106): include()
#1 /home/timetracking/webapps/timetracking/wp-blog-header.php(19): require_once('...')
#2 /home/timetracking/webapps/timetracking/index.php(17): require('...')
#3 {main}
  thrown in /home/timetracking/webapps/timetracking/wp-content/themes/Inunity-Child-Theme/template-timesheet.php on line 23

2024-01-10T08:12:02+00:00 CRITICAL Cannot redeclare register_Project_taxonomy() (previously declared in /home/timetracking/webapps/timetracking/wp-content/themes/Inunity-Child-Theme/functions.php:199) in /home/timetracking/webapps/timetracking/wp-content/themes/Inunity-Child-Theme/functions.php on line 504

2024-01-10T08:12:58+00:00 CRITICAL Cannot redeclare register_Project_taxonomy() (previously declared in /home/timetracking/webapps/timetracking/wp-content/themes/Inunity-Child-Theme/functions.php:182) in /home/timetracking/webapps/timetracking/wp-content/themes/Inunity-Child-Theme/functions.php on line 487

2024-01-12T05:53:12+00:00 CRITICAL Uncaught Error: Cannot use object of type stdClass as array in /home/timetracking/webapps/timetracking/wp-content/themes/Inunity-Child-Theme/functions.php:630
Stack trace:
#0 /home/timetracking/webapps/timetracking/wp-includes/shortcodes.php(433): display_wpforms_data_in_table()
#1 [internal function]: do_shortcode_tag()
#2 /home/timetracking/webapps/timetracking/wp-includes/shortcodes.php(273): preg_replace_callback()
#3 /home/timetracking/webapps/timetracking/wp-includes/class-wp-hook.php(324): do_shortcode()
#4 /home/timetracking/webapps/timetracking/wp-includes/plugin.php(205): WP_Hook->apply_filters()
#5 /home/timetracking/webapps/timetracking/wp-includes/post-template.php(256): apply_filters()
#6 /home/timetracking/webapps/timetracking/wp-content/themes/inunity/page.php(17): the_content()
#7 /home/timetracking/webapps/timetracking/wp-includes/template-loader.php(106): include('...')
#8 /home/timetracking/webapps/timetracking/wp-blog-header.php(19): require_once('...')
#9 /home/timetracking/webapps/timetracking/index.php(17): require('...')
#10 {main}
  thrown in /home/timetracking/webapps/timetracking/wp-content/themes/Inunity-Child-Theme/functions.php on line 630

2024-01-12T05:57:30+00:00 CRITICAL Uncaught Error: Cannot use object of type stdClass as array in /home/timetracking/webapps/timetracking/wp-content/themes/Inunity-Child-Theme/functions.php:633
Stack trace:
#0 /home/timetracking/webapps/timetracking/wp-includes/shortcodes.php(433): display_wpforms_data_in_table()
#1 [internal function]: do_shortcode_tag()
#2 /home/timetracking/webapps/timetracking/wp-includes/shortcodes.php(273): preg_replace_callback()
#3 /home/timetracking/webapps/timetracking/wp-includes/class-wp-hook.php(324): do_shortcode()
#4 /home/timetracking/webapps/timetracking/wp-includes/plugin.php(205): WP_Hook->apply_filters()
#5 /home/timetracking/webapps/timetracking/wp-includes/post-template.php(256): apply_filters()
#6 /home/timetracking/webapps/timetracking/wp-content/themes/inunity/page.php(17): the_content()
#7 /home/timetracking/webapps/timetracking/wp-includes/template-loader.php(106): include('...')
#8 /home/timetracking/webapps/timetracking/wp-blog-header.php(19): require_once('...')
#9 /home/timetracking/webapps/timetracking/index.php(17): require('...')
#10 {main}
  thrown in /home/timetracking/webapps/timetracking/wp-content/themes/Inunity-Child-Theme/functions.php on line 633

2024-01-12T08:10:16+00:00 CRITICAL Uncaught Error: Call to undefined function get_entry_by_id() in /home/timetracking/webapps/timetracking/wp-content/themes/Inunity-Child-Theme/functions.php:802
Stack trace:
#0 /home/timetracking/webapps/timetracking/wp-includes/shortcodes.php(433): update_timesheet_form_shortcode()
#1 [internal function]: do_shortcode_tag()
#2 /home/timetracking/webapps/timetracking/wp-includes/shortcodes.php(273): preg_replace_callback()
#3 /home/timetracking/webapps/timetracking/wp-includes/class-wp-hook.php(324): do_shortcode()
#4 /home/timetracking/webapps/timetracking/wp-includes/plugin.php(205): WP_Hook->apply_filters()
#5 /home/timetracking/webapps/timetracking/wp-includes/rest-api/endpoints/class-wp-rest-posts-controller.php(1863): apply_filters()
#6 /home/timetracking/webapps/timetracking/wp-includes/rest-api/endpoints/class-wp-rest-posts-controller.php(952): WP_REST_Posts_Controller->prepare_item_for_response()
#7 /home/timetracking/webapps/timetracking/wp-includes/rest-api/class-wp-rest-server.php(1193): WP_REST_Posts_Controller->update_item()
#8 /home/timetracking/webapps/timetracking/wp-includes/rest-api/class-wp-rest-server.php(1041): WP_REST_Server->respond_to_request()
#9 /home/timetracking/webapps/timetracking/wp-includes/rest-api/class-wp-rest-server.php(431): WP_REST_Server->dispatch()
#10 /home/timetracking/webapps/timetracking/wp-includes/rest-api.php(424): WP_REST_Server->serve_request()
#11 /home/timetracking/webapps/timetracking/wp-includes/class-wp-hook.php(324): rest_api_loaded()
#12 /home/timetracking/webapps/timetracking/wp-includes/class-wp-hook.php(348): WP_Hook->apply_filters()
#13 /home/timetracking/webapps/timetracking/wp-includes/plugin.php(565): WP_Hook->do_action()
#14 /home/timetracking/webapps/timetracking/wp-includes/class-wp.php(418): do_action_ref_array()
#15 /home/timetracking/webapps/timetracking/wp-includes/class-wp.php(813): WP->parse_request()
#16 /home/timetracking/webapps/timetracking/wp-includes/functions.php(1336): WP->main()
#17 /home/timetracking/webapps/timetracking/wp-blog-header.php(16): wp()
#18 /home/timetracking/webapps/timetracking/index.php(17): require('...')
#19 {main}
  thrown in /home/timetracking/webapps/timetracking/wp-content/themes/Inunity-Child-Theme/functions.php on line 802

2024-01-12T08:10:22+00:00 CRITICAL Uncaught Error: Call to undefined function get_entry_by_id() in /home/timetracking/webapps/timetracking/wp-content/themes/Inunity-Child-Theme/functions.php:802
Stack trace:
#0 /home/timetracking/webapps/timetracking/wp-includes/shortcodes.php(433): update_timesheet_form_shortcode()
#1 [internal function]: do_shortcode_tag()
#2 /home/timetracking/webapps/timetracking/wp-includes/shortcodes.php(273): preg_replace_callback()
#3 /home/timetracking/webapps/timetracking/wp-includes/class-wp-hook.php(324): do_shortcode()
#4 /home/timetracking/webapps/timetracking/wp-includes/plugin.php(205): WP_Hook->apply_filters()
#5 /home/timetracking/webapps/timetracking/wp-includes/rest-api/endpoints/class-wp-rest-posts-controller.php(1863): apply_filters()
#6 /home/timetracking/webapps/timetracking/wp-includes/rest-api/endpoints/class-wp-rest-posts-controller.php(952): WP_REST_Posts_Controller->prepare_item_for_response()
#7 /home/timetracking/webapps/timetracking/wp-includes/rest-api/class-wp-rest-server.php(1193): WP_REST_Posts_Controller->update_item()
#8 /home/timetracking/webapps/timetracking/wp-includes/rest-api/class-wp-rest-server.php(1041): WP_REST_Server->respond_to_request()
#9 /home/timetracking/webapps/timetracking/wp-includes/rest-api/class-wp-rest-server.php(431): WP_REST_Server->dispatch()
#10 /home/timetracking/webapps/timetracking/wp-includes/rest-api.php(424): WP_REST_Server->serve_request()
#11 /home/timetracking/webapps/timetracking/wp-includes/class-wp-hook.php(324): rest_api_loaded()
#12 /home/timetracking/webapps/timetracking/wp-includes/class-wp-hook.php(348): WP_Hook->apply_filters()
#13 /home/timetracking/webapps/timetracking/wp-includes/plugin.php(565): WP_Hook->do_action()
#14 /home/timetracking/webapps/timetracking/wp-includes/class-wp.php(418): do_action_ref_array()
#15 /home/timetracking/webapps/timetracking/wp-includes/class-wp.php(813): WP->parse_request()
#16 /home/timetracking/webapps/timetracking/wp-includes/functions.php(1336): WP->main()
#17 /home/timetracking/webapps/timetracking/wp-blog-header.php(16): wp()
#18 /home/timetracking/webapps/timetracking/index.php(17): require('...')
#19 {main}
  thrown in /home/timetracking/webapps/timetracking/wp-content/themes/Inunity-Child-Theme/functions.php on line 802

2024-01-12T08:11:53+00:00 CRITICAL Uncaught Error: Call to undefined function get_entry_by_id() in /home/timetracking/webapps/timetracking/wp-content/themes/Inunity-Child-Theme/functions.php:802
Stack trace:
#0 /home/timetracking/webapps/timetracking/wp-includes/shortcodes.php(433): update_timesheet_form_shortcode()
#1 [internal function]: do_shortcode_tag()
#2 /home/timetracking/webapps/timetracking/wp-includes/shortcodes.php(273): preg_replace_callback()
#3 /home/timetracking/webapps/timetracking/wp-includes/class-wp-hook.php(324): do_shortcode()
#4 /home/timetracking/webapps/timetracking/wp-includes/plugin.php(205): WP_Hook->apply_filters()
#5 /home/timetracking/webapps/timetracking/wp-includes/post-template.php(256): apply_filters()
#6 /home/timetracking/webapps/timetracking/wp-content/themes/inunity/page.php(17): the_content()
#7 /home/timetracking/webapps/timetracking/wp-includes/template-loader.php(106): include('...')
#8 /home/timetracking/webapps/timetracking/wp-blog-header.php(19): require_once('...')
#9 /home/timetracking/webapps/timetracking/index.php(17): require('...')
#10 {main}
  thrown in /home/timetracking/webapps/timetracking/wp-content/themes/Inunity-Child-Theme/functions.php on line 802

2024-01-12T08:16:27+00:00 CRITICAL Uncaught Error: Call to undefined function get_entry_by_id() in /home/timetracking/webapps/timetracking/wp-content/themes/Inunity-Child-Theme/functions.php:801
Stack trace:
#0 /home/timetracking/webapps/timetracking/wp-includes/shortcodes.php(433): update_timesheet_form_shortcode()
#1 [internal function]: do_shortcode_tag()
#2 /home/timetracking/webapps/timetracking/wp-includes/shortcodes.php(273): preg_replace_callback()
#3 /home/timetracking/webapps/timetracking/wp-includes/class-wp-hook.php(324): do_shortcode()
#4 /home/timetracking/webapps/timetracking/wp-includes/plugin.php(205): WP_Hook->apply_filters()
#5 /home/timetracking/webapps/timetracking/wp-includes/post-template.php(256): apply_filters()
#6 /home/timetracking/webapps/timetracking/wp-content/themes/inunity/page.php(17): the_content()
#7 /home/timetracking/webapps/timetracking/wp-includes/template-loader.php(106): include('...')
#8 /home/timetracking/webapps/timetracking/wp-blog-header.php(19): require_once('...')
#9 /home/timetracking/webapps/timetracking/index.php(17): require('...')
#10 {main}
  thrown in /home/timetracking/webapps/timetracking/wp-content/themes/Inunity-Child-Theme/functions.php on line 801

2024-01-12T08:24:17+00:00 CRITICAL Uncaught Error: Call to undefined function get_entry_by_id() in /home/timetracking/webapps/timetracking/wp-content/themes/Inunity-Child-Theme/functions.php:801
Stack trace:
#0 /home/timetracking/webapps/timetracking/wp-includes/shortcodes.php(433): update_timesheet_form_shortcode()
#1 [internal function]: do_shortcode_tag()
#2 /home/timetracking/webapps/timetracking/wp-includes/shortcodes.php(273): preg_replace_callback()
#3 /home/timetracking/webapps/timetracking/wp-includes/class-wp-hook.php(324): do_shortcode()
#4 /home/timetracking/webapps/timetracking/wp-includes/plugin.php(205): WP_Hook->apply_filters()
#5 /home/timetracking/webapps/timetracking/wp-includes/post-template.php(256): apply_filters()
#6 /home/timetracking/webapps/timetracking/wp-content/themes/inunity/page.php(17): the_content()
#7 /home/timetracking/webapps/timetracking/wp-includes/template-loader.php(106): include('...')
#8 /home/timetracking/webapps/timetracking/wp-blog-header.php(19): require_once('...')
#9 /home/timetracking/webapps/timetracking/index.php(17): require('...')
#10 {main}
  thrown in /home/timetracking/webapps/timetracking/wp-content/themes/Inunity-Child-Theme/functions.php on line 801

2024-01-12T08:32:21+00:00 CRITICAL Uncaught Error: Call to undefined function update_timesheet_entry() in /home/timetracking/webapps/timetracking/wp-content/themes/Inunity-Child-Theme/functions.php:822
Stack trace:
#0 /home/timetracking/webapps/timetracking/wp-includes/shortcodes.php(433): update_timesheet_form_shortcode()
#1 [internal function]: do_shortcode_tag()
#2 /home/timetracking/webapps/timetracking/wp-includes/shortcodes.php(273): preg_replace_callback()
#3 /home/timetracking/webapps/timetracking/wp-includes/class-wp-hook.php(324): do_shortcode()
#4 /home/timetracking/webapps/timetracking/wp-includes/plugin.php(205): WP_Hook->apply_filters()
#5 /home/timetracking/webapps/timetracking/wp-includes/post-template.php(256): apply_filters()
#6 /home/timetracking/webapps/timetracking/wp-content/themes/inunity/page.php(17): the_content()
#7 /home/timetracking/webapps/timetracking/wp-includes/template-loader.php(106): include('...')
#8 /home/timetracking/webapps/timetracking/wp-blog-header.php(19): require_once('...')
#9 /home/timetracking/webapps/timetracking/index.php(17): require('...')
#10 {main}
  thrown in /home/timetracking/webapps/timetracking/wp-content/themes/Inunity-Child-Theme/functions.php on line 822

2024-01-12T08:39:44+00:00 CRITICAL Uncaught Error: Call to undefined function update_timesheet_entry() in /home/timetracking/webapps/timetracking/wp-content/themes/Inunity-Child-Theme/functions.php:830
Stack trace:
#0 /home/timetracking/webapps/timetracking/wp-includes/shortcodes.php(433): update_timesheet_form_shortcode()
#1 [internal function]: do_shortcode_tag()
#2 /home/timetracking/webapps/timetracking/wp-includes/shortcodes.php(273): preg_replace_callback()
#3 /home/timetracking/webapps/timetracking/wp-includes/class-wp-hook.php(324): do_shortcode()
#4 /home/timetracking/webapps/timetracking/wp-includes/plugin.php(205): WP_Hook->apply_filters()
#5 /home/timetracking/webapps/timetracking/wp-includes/post-template.php(256): apply_filters()
#6 /home/timetracking/webapps/timetracking/wp-content/themes/inunity/page.php(17): the_content()
#7 /home/timetracking/webapps/timetracking/wp-includes/template-loader.php(106): include('...')
#8 /home/timetracking/webapps/timetracking/wp-blog-header.php(19): require_once('...')
#9 /home/timetracking/webapps/timetracking/index.php(17): require('...')
#10 {main}
  thrown in /home/timetracking/webapps/timetracking/wp-content/themes/Inunity-Child-Theme/functions.php on line 830

2024-01-12T08:42:21+00:00 CRITICAL Uncaught Error: Call to undefined function update_timesheet_entry() in /home/timetracking/webapps/timetracking/wp-content/themes/Inunity-Child-Theme/functions.php:833
Stack trace:
#0 /home/timetracking/webapps/timetracking/wp-includes/shortcodes.php(433): update_timesheet_form_shortcode()
#1 [internal function]: do_shortcode_tag()
#2 /home/timetracking/webapps/timetracking/wp-includes/shortcodes.php(273): preg_replace_callback()
#3 /home/timetracking/webapps/timetracking/wp-includes/class-wp-hook.php(324): do_shortcode()
#4 /home/timetracking/webapps/timetracking/wp-includes/plugin.php(205): WP_Hook->apply_filters()
#5 /home/timetracking/webapps/timetracking/wp-includes/post-template.php(256): apply_filters()
#6 /home/timetracking/webapps/timetracking/wp-content/themes/inunity/page.php(17): the_content()
#7 /home/timetracking/webapps/timetracking/wp-includes/template-loader.php(106): include('...')
#8 /home/timetracking/webapps/timetracking/wp-blog-header.php(19): require_once('...')
#9 /home/timetracking/webapps/timetracking/index.php(17): require('...')
#10 {main}
  thrown in /home/timetracking/webapps/timetracking/wp-content/themes/Inunity-Child-Theme/functions.php on line 833

2024-01-12T10:13:04+00:00 CRITICAL syntax error, unexpected identifier "ob_start" in /home/timetracking/webapps/timetracking/wp-content/themes/Inunity-Child-Theme/functions.php on line 943

2024-01-12T10:13:10+00:00 CRITICAL syntax error, unexpected identifier "ob_start" in /home/timetracking/webapps/timetracking/wp-content/themes/Inunity-Child-Theme/functions.php on line 943

2024-01-12T10:13:11+00:00 CRITICAL syntax error, unexpected identifier "ob_start" in /home/timetracking/webapps/timetracking/wp-content/themes/Inunity-Child-Theme/functions.php on line 943

2024-01-12T10:13:13+00:00 CRITICAL syntax error, unexpected identifier "ob_start" in /home/timetracking/webapps/timetracking/wp-content/themes/Inunity-Child-Theme/functions.php on line 943

2024-01-12T10:13:25+00:00 CRITICAL syntax error, unexpected identifier "ob_start" in /home/timetracking/webapps/timetracking/wp-content/themes/Inunity-Child-Theme/functions.php on line 943

2024-01-12T10:13:49+00:00 CRITICAL Uncaught Error: Call to undefined function get_entry_data_from_database() in /home/timetracking/webapps/timetracking/wp-content/themes/Inunity-Child-Theme/functions.php:937
Stack trace:
#0 /home/timetracking/webapps/timetracking/wp-includes/shortcodes.php(433): update_timesheet_form_shortcode()
#1 [internal function]: do_shortcode_tag()
#2 /home/timetracking/webapps/timetracking/wp-includes/shortcodes.php(273): preg_replace_callback()
#3 /home/timetracking/webapps/timetracking/wp-includes/class-wp-hook.php(324): do_shortcode()
#4 /home/timetracking/webapps/timetracking/wp-includes/plugin.php(205): WP_Hook->apply_filters()
#5 /home/timetracking/webapps/timetracking/wp-includes/post-template.php(256): apply_filters()
#6 /home/timetracking/webapps/timetracking/wp-content/themes/inunity/page.php(17): the_content()
#7 /home/timetracking/webapps/timetracking/wp-includes/template-loader.php(106): include('...')
#8 /home/timetracking/webapps/timetracking/wp-blog-header.php(19): require_once('...')
#9 /home/timetracking/webapps/timetracking/index.php(17): require('...')
#10 {main}
  thrown in /home/timetracking/webapps/timetracking/wp-content/themes/Inunity-Child-Theme/functions.php on line 937

2024-01-12T10:32:53+00:00 CRITICAL Uncaught Error: Call to undefined function update_timesheet_entry() in /home/timetracking/webapps/timetracking/wp-content/themes/Inunity-Child-Theme/functions.php:1013
Stack trace:
#0 /home/timetracking/webapps/timetracking/wp-includes/shortcodes.php(433): update_timesheet_form_shortcode()
#1 [internal function]: do_shortcode_tag()
#2 /home/timetracking/webapps/timetracking/wp-includes/shortcodes.php(273): preg_replace_callback()
#3 /home/timetracking/webapps/timetracking/wp-includes/class-wp-hook.php(324): do_shortcode()
#4 /home/timetracking/webapps/timetracking/wp-includes/plugin.php(205): WP_Hook->apply_filters()
#5 /home/timetracking/webapps/timetracking/wp-includes/post-template.php(256): apply_filters()
#6 /home/timetracking/webapps/timetracking/wp-content/themes/inunity/page.php(17): the_content()
#7 /home/timetracking/webapps/timetracking/wp-includes/template-loader.php(106): include('...')
#8 /home/timetracking/webapps/timetracking/wp-blog-header.php(19): require_once('...')
#9 /home/timetracking/webapps/timetracking/index.php(17): require('...')
#10 {main}
  thrown in /home/timetracking/webapps/timetracking/wp-content/themes/Inunity-Child-Theme/functions.php on line 1013

